
Importing Model from XMI
Root Package: BCSS
Removing package object from model. Marked for re-import: my.custom.project
Add Classifier Role: my.custom.project
Add Classifier Role: un:unece:uncefact
Append Package: my.custom.project
Deleting redundant package from model: 6
Add Classifier Role: codes:1.0
Add Classifier Role: library:mynamespace
Add Classifier Role: document:mynamespace
Append Package: codes:1.0
Append Package: document:mynamespace
Append Package: library:mynamespace
Append Package: un:unece:uncefact
Add Classifier Role: codelist:iso3166-1:1999
Add Classifier Role: data:standard:CCLibrary:1.0
Add Classifier Role: data:standard:CDTLibrary:1.0
Add Classifier Role: data:standard:CCPrimitives:1.0
Append Package: codelist:iso3166-1:1999
Append Package: data:standard:CCPrimitives:1.0
Append Package: data:standard:CCLibrary:1.0
Add Classifier: Period
Add Classifier: Penalty Charge
Add Classifier: CountrySub-Division
Add Classifier: Contract
Add Classifier: Route
Add Classifier: Work Capability
Add Classifier: Address
Add Classifier: Contact
Add Classifier: DeliveryTerms
Add Classifier: GeographicalCordinate
Add Classifier: Country
Add Classifier: Price
Add Classifier: Qualification
Add Classifier: Dimension
Add Classifier: Tax
Add Classifier: CurrencyExchange
Add Classifier: Payment
Add Classifier: Calculation
Add Classifier: Person
Add Classifier: BusinessProfile
Add Classifier: Payment Terms
Add Classifier: ConstructionType
Add Classifier: Communication
Add Classifier: Temperature
Add Classifier: ExaminationResult
Add Classifier: FinancialCard
Add Classifier: Payment Means
Add Classifier: Technical Capability
Add Classifier: Service Charge
Add Classifier: FinancialAccount
Add Classifier: Staff
Add Classifier: Guarantee
Add Classifier: Organization
Add Classifier: Test Condition
Add Classifier: Document
Add Classifier: Preference
Add Classifier: Tendering Process
Add Classifier: Status
Add Classifier: Party
Add Classifier: Project
Add Classifier: Location
Add Classifier: Event
Add Classifier: Metrics
Add Classifier: CompletedWork
Add Classifier: Process
Add Classifier: Registration
Add Classifier: Instructions
Add Classifier: AllowanceCharge
Add Classifier: Service
Add Classifier Role: Relationship Diagrams
Append Package: Relationship Diagrams
Append Package: data:standard:CDTLibrary:1.0
Add Classifier: Name
Add Classifier: Measure
Add Classifier: Code
Add Classifier: Identifier
Add Classifier: Quantity
Add Classifier: Video
Add Classifier: Graphic
Add Classifier: Indicator
Add Classifier: Value
Add Classifier: Amount
Add Classifier: Percent
Add Classifier: BinaryObject
Add Classifier: Sound
Add Classifier: Numeric
Add Classifier: DateTime
Add Classifier: Text
Add Classifier: Date
Add Classifier: Picture
Add Classifier: Rate
Add Classifier: Time
Resolving Classifiers
Resolving Owners
Resolve Package Links
Add Extensions
Add Diagrams
Adding Diagram : CC Library Version 1.0
Adding Diagram : Address
Adding Diagram : Allowance Charge
Adding Diagram : Business Profile
Adding Diagram : Calculation
Adding Diagram : Communication
Adding Diagram : Construction Type
Adding Diagram : Contact
Adding Diagram : Contract
Adding Diagram : Currency Exchange
Adding Diagram : Delivery Terms
Adding Diagram : Document
Adding Diagram : Event
Adding Diagram : Financial Account
Adding Diagram : Guarantee
Adding Diagram : Location
Adding Diagram : Organization
Adding Diagram : Party
Adding Diagram : Payment Means
Adding Diagram : Payment Terms
Adding Diagram : Payment
Adding Diagram : Penalty Charge
Adding Diagram : Person
Adding Diagram : Preference
Adding Diagram : Price
Adding Diagram : Process
Adding Diagram : Project
Adding Diagram : Qualification
Adding Diagram : Registration
Adding Diagram : Service Charge
Adding Diagram : Service
Adding Diagram : Status
Adding Diagram : Technical Capability
Adding Diagram : Temperature
Adding Diagram : Tendering Process
Adding Diagram : Work Capability
Adding Diagram : Core Data Types Version 1.0
Resolving DiagramIDs
Resolving Association Classes
Resolving Parameter Types
Resolving Attribute Types
Resolving Note links
Fixup external references
Import Complete!
